[debug] [2023-10-26T00:02:45.434Z] ----------------------------------------------------------------------
[debug] [2023-10-26T00:02:45.436Z] Command:       C:\Program Files\nodejs\node.exe C:\Users\Luciel\AppData\Roaming\npm\node_modules\firebase-tools\lib\bin\firebase.js init
[debug] [2023-10-26T00:02:45.437Z] CLI Version:   12.7.0
[debug] [2023-10-26T00:02:45.437Z] Platform:      win32
[debug] [2023-10-26T00:02:45.437Z] Node Version:  v16.17.0
[debug] [2023-10-26T00:02:45.439Z] Time:          Wed Oct 25 2023 21:02:45 GMT-0300 (hora estándar de Argentina)
[debug] [2023-10-26T00:02:45.439Z] ----------------------------------------------------------------------
[debug] 
[debug] [2023-10-26T00:02:45.443Z] >>> [apiv2][query] GET https://firebase-public.firebaseio.com/cli.json [none]
[debug] [2023-10-26T00:02:45.466Z] > command requires scopes: ["email","openid","https://www.googleapis.com/auth/cloudplatformprojects.readonly","https://www.googleapis.com/auth/firebase","https://www.googleapis.com/auth/cloud-platform"]
[debug] [2023-10-26T00:02:45.466Z] > authorizing via signed-in user (pablisky200@gmail.com)
[info] 
     ######## #### ########  ######## ########     ###     ######  ########
     ##        ##  ##     ## ##       ##     ##  ##   ##  ##       ##
     ######    ##  ########  ######   ########  #########  ######  ######
     ##        ##  ##    ##  ##       ##     ## ##     ##       ## ##
     ##       #### ##     ## ######## ########  ##     ##  ######  ########

You're about to initialize a Firebase project in this directory:

  D:\yO\Programacion\COMIT\PrimerApp\f7-v830

[debug] [2023-10-26T00:02:45.840Z] <<< [apiv2][status] GET https://firebase-public.firebaseio.com/cli.json 200
[debug] [2023-10-26T00:02:45.841Z] <<< [apiv2][body] GET https://firebase-public.firebaseio.com/cli.json {"cloudBuildErrorAfter":1594252800000,"cloudBuildWarnAfter":1590019200000,"defaultNode10After":1594252800000,"minVersion":"3.0.5","node8DeploysDisabledAfter":1613390400000,"node8RuntimeDisabledAfter":1615809600000,"node8WarnAfter":1600128000000}
[info] 
=== Project Setup
[info] 
[info] First, let's associate this project directory with a Firebase project.
[info] You can create multiple project aliases by running firebase use --add, 
[info] but for now we'll just set up a default project.
[info] 
